<?xml version="1.0" encoding="UTF-8"?>
<!-- Generated by org.testng.reporters.JUnitReportReporter -->
<testsuite skipped="0" hostname="Admin-PC" name="aug1.GmailLogin" tests="1" failures="0" timestamp="04 Aug 2018 15:39:53 GMT" time="61.972" errors="0">
  <testcase name="test" time="61.972" classname="aug1.GmailLogin"/>
</testsuite> <!-- aug1.GmailLogin -->
