<?xml version="1.0" encoding="UTF-8"?>
<!-- Generated by org.testng.reporters.JUnitReportReporter -->
<testsuite skipped="0" hostname="Admin-PC" name="aug1.OrangeHRMLogin" tests="1" failures="0" timestamp="04 Aug 2018 15:39:53 GMT" time="85.954" errors="0">
  <testcase name="test" time="85.954" classname="aug1.OrangeHRMLogin"/>
</testsuite> <!-- aug1.OrangeHRMLogin -->
